<?xml version="1.0" encoding="UTF-8"?>
<testsuite name="com.bl.demo.MoodAnalyzerTest" tests="1" skipped="0" failures="0" errors="0" timestamp="2020-04-26T18:41:22" hostname="DESKTOP-2TJPHRI" time="0.003">
  <properties/>
  <testcase name="givenMoodAnalyzerMethod_WhenNotProper_ShouldReturnThrowException" classname="com.bl.demo.MoodAnalyzerTest" time="0.003"/>
  <system-out><![CDATA[]]></system-out>
  <system-err><![CDATA[]]></system-err>
</testsuite>
