<?xml version="1.0" encoding="UTF-8"?>
<testsuite name="com.bl.demo.MoodAnalyzerTest" tests="1" skipped="0" failures="0" errors="0" timestamp="2020-04-27T00:39:25" hostname="DESKTOP-2TJPHRI" time="0.004">
  <properties/>
  <testcase name="givenFieldMessage_WhenMessageIsNull_ShouldReturnThrowException" classname="com.bl.demo.MoodAnalyzerTest" time="0.004"/>
  <system-out><![CDATA[]]></system-out>
  <system-err><![CDATA[]]></system-err>
</testsuite>
