<?xml version="1.0" encoding="UTF-8"?>
<testsuite name="com.bl.demo.MoodAnalyzerTest" tests="1" skipped="0" failures="0" errors="0" timestamp="2020-04-23T04:25:55" hostname="DESKTOP-2TJPHRI" time="0.005">
  <properties/>
  <testcase name="givenMood_WhenBad_ShouldReturnBad" classname="com.bl.demo.MoodAnalyzerTest" time="0.005"/>
  <system-out><![CDATA[]]></system-out>
  <system-err><![CDATA[]]></system-err>
</testsuite>
