<?xml version="1.0" encoding="UTF-8"?>
<testsuite name="com.bl.demo.MoodAnalyzerTest" tests="3" skipped="0" failures="0" errors="0" timestamp="2020-04-23T05:09:36" hostname="DESKTOP-2TJPHRI" time="0.007">
  <properties/>
  <testcase name="givenMood_WhenNull_ShouldReturnHappy" classname="com.bl.demo.MoodAnalyzerTest" time="0.005"/>
  <testcase name="givenMood_WhenBad_ShouldReturnBad" classname="com.bl.demo.MoodAnalyzerTest" time="0.0"/>
  <testcase name="givenMood_WhenHappy_ShouldReturnHappy" classname="com.bl.demo.MoodAnalyzerTest" time="0.001"/>
  <system-out><![CDATA[]]></system-out>
  <system-err><![CDATA[]]></system-err>
</testsuite>
